<?xml version="1.0" encoding="UTF-8"?>
<testsuite xmlns:xsi="http://www.w3.org/2001/XMLSchema-instance" xsi:noNamespaceSchemaLocation="https://maven.apache.org/surefire/maven-surefire-plugin/xsd/surefire-test-report-3.0.xsd" version="3.0" name="ru.gb.NimbusTest" time="131.751" tests="6" errors="0" skipped="0" failures="0">
  <properties>
[...]
</properties>
  <testcase name="searchPositiveTest" classname="ru.gb.NimbusTest" time="25.755">
    <system-out><![CDATA[19:11:37,315 |-INFO in ch.qos.logback.classic.LoggerContext[default] - Could NOT find resource [logback-test.xml]
19:11:37,315 |-INFO in ch.qos.logback.classic.LoggerContext[default] - Could NOT find resource [logback.groovy]
19:11:37,315 |-INFO in ch.qos.logback.classic.LoggerContext[default] - Found resource [logback.xml] at [file:/D:/Users/Pavel/IdeaProjects/PVG_Project_2/target/test-classes/logback.xml]
19:11:37,377 |-INFO in ch.qos.logback.classic.joran.action.ConfigurationAction - debug attribute not set
19:11:37,377 |-INFO in ch.qos.logback.core.joran.action.AppenderAction - About to instantiate appender of type [ch.qos.logback.core.ConsoleAppender]
19:11:37,382 |-INFO in ch.qos.logback.core.joran.action.AppenderAction - Naming appender as [CONSOLE]
19:11:37,405 |-WARN in ch.qos.logback.core.ConsoleAppender[CONSOLE] - This appender no longer admits a layout as a sub-component, set an encoder instead.
19:11:37,405 |-WARN in ch.qos.logback.core.ConsoleAppender[CONSOLE] - To ensure compatibility, wrapping your layout in LayoutWrappingEncoder.
19:11:37,405 |-WARN in ch.qos.logback.core.ConsoleAppender[CONSOLE] - See also http://logback.qos.ch/codes.html#layoutInsteadOfEncoder for details
19:11:37,405 |-INFO in ch.qos.logback.classic.joran.action.RootLoggerAction - Setting level of ROOT logger to INFO
19:11:37,405 |-INFO in ch.qos.logback.core.joran.action.AppenderRefAction - Attaching appender named [CONSOLE] to Logger[ROOT]
19:11:37,405 |-INFO in ch.qos.logback.classic.joran.action.ConfigurationAction - End of configuration.
19:11:37,406 |-INFO in ch.qos.logback.classic.joran.JoranConfigurator@7ba8c737 - Registering current configuration as safe fallback point

19:11:37.848 [main] INFO  i.g.bonigarcia.wdm.WebDriverManager - Using chromedriver 96.0.4664.45 (resolved driver for Chrome 96)
19:11:37.863 [main] INFO  i.g.bonigarcia.wdm.WebDriverManager - Exporting webdriver.chrome.driver as D:\Users\Pavel\.cache\selenium\chromedriver\win32\96.0.4664.45\chromedriver.exe
19:11:47.906 [main] INFO  ru.gb.Sidebar - &amp#27;[32mПоиск успешно отработал&amp#27;[0m
]]></system-out>
    <system-err><![CDATA[Starting ChromeDriver 96.0.4664.45 (76e4c1bb2ab4671b8beba3444e61c0f17584b2fc-refs/branch-heads/4664@{#947}) on port 43851
Only local connections are allowed.
Please see https://chromedriver.chromium.org/security-considerations for suggestions on keeping ChromeDriver safe.
ChromeDriver was started successfully.
нояб. 28, 2021 7:11:39 PM org.openqa.selenium.remote.ProtocolHandshake createSession
INFO: Detected dialect: W3C
]]></system-err>
  </testcase>
  <testcase name="newNoteCreatingTest" classname="ru.gb.NimbusTest" time="38.119">
    <system-out><![CDATA[19:12:32.674 [main] INFO  ru.gb.Sidebar - &amp#27;[32mНовая запись успешно создана&amp#27;[0m
19:12:36.083 [main] INFO  ru.gb.Sidebar - &amp#27;[32mКорзина пуста. Весь тестовый мусор удален&amp#27;[0m
]]></system-out>
    <system-err><![CDATA[Starting ChromeDriver 96.0.4664.45 (76e4c1bb2ab4671b8beba3444e61c0f17584b2fc-refs/branch-heads/4664@{#947}) on port 20431
Only local connections are allowed.
Please see https://chromedriver.chromium.org/security-considerations for suggestions on keeping ChromeDriver safe.
ChromeDriver was started successfully.
нояб. 28, 2021 7:12:05 PM org.openqa.selenium.remote.ProtocolHandshake createSession
INFO: Detected dialect: W3C
]]></system-err>
  </testcase>
  <testcase name="searchNegativeTest" classname="ru.gb.NimbusTest" time="14.836">
    <system-out><![CDATA[19:12:50.892 [main] INFO  ru.gb.Sidebar - &amp#27;[32mПоиск успешно отработал&amp#27;[0m
19:12:50.973 [main] INFO  ru.gb.Sidebar - &amp#27;[32mПо результатам поиска ничего не найдено&amp#27;[0m
]]></system-out>
    <system-err><![CDATA[Starting ChromeDriver 96.0.4664.45 (76e4c1bb2ab4671b8beba3444e61c0f17584b2fc-refs/branch-heads/4664@{#947}) on port 25406
Only local connections are allowed.
Please see https://chromedriver.chromium.org/security-considerations for suggestions on keeping ChromeDriver safe.
ChromeDriver was started successfully.
нояб. 28, 2021 7:12:43 PM org.openqa.selenium.remote.ProtocolHandshake createSession
INFO: Detected dialect: W3C
]]></system-err>
  </testcase>
  <testcase name="newFolderCreatingTest" classname="ru.gb.NimbusTest" time="17.567">
    <system-out><![CDATA[19:13:05.562 [main] INFO  ru.gb.Sidebar - &amp#27;[32mНовая папка успешно создана&amp#27;[0m
19:13:08.542 [main] INFO  ru.gb.Sidebar - &amp#27;[32mКорзина пуста. Весь тестовый мусор удален&amp#27;[0m
]]></system-out>
    <system-err><![CDATA[Starting ChromeDriver 96.0.4664.45 (76e4c1bb2ab4671b8beba3444e61c0f17584b2fc-refs/branch-heads/4664@{#947}) on port 2940
Only local connections are allowed.
Please see https://chromedriver.chromium.org/security-considerations for suggestions on keeping ChromeDriver safe.
ChromeDriver was started successfully.
нояб. 28, 2021 7:12:58 PM org.openqa.selenium.remote.ProtocolHandshake createSession
INFO: Detected dialect: W3C
]]></system-err>
  </testcase>
  <testcase name="authorizationPositiveTest" classname="ru.gb.NimbusTest" time="14.786">
    <system-out><![CDATA[19:13:22.543 [main] INFO  ru.gb.Sidebar - &amp#27;[32mУспешно залогинились&amp#27;[0m
]]></system-out>
    <system-err><![CDATA[Starting ChromeDriver 96.0.4664.45 (76e4c1bb2ab4671b8beba3444e61c0f17584b2fc-refs/branch-heads/4664@{#947}) on port 4812
Only local connections are allowed.
Please see https://chromedriver.chromium.org/security-considerations for suggestions on keeping ChromeDriver safe.
ChromeDriver was started successfully.
нояб. 28, 2021 7:13:15 PM org.openqa.selenium.remote.ProtocolHandshake createSession
INFO: Detected dialect: W3C
]]></system-err>
  </testcase>
  <testcase name="authorizationNegativeTest" classname="ru.gb.NimbusTest" time="20.066">
    <system-out><![CDATA[19:13:43.373 [main] ERROR ru.gb.Sidebar - &amp#27;[31mНе удалось залогиниться&amp#27;[0m
]]></system-out>
    <system-err><![CDATA[Starting ChromeDriver 96.0.4664.45 (76e4c1bb2ab4671b8beba3444e61c0f17584b2fc-refs/branch-heads/4664@{#947}) on port 8578
Only local connections are allowed.
Please see https://chromedriver.chromium.org/security-considerations for suggestions on keeping ChromeDriver safe.
ChromeDriver was started successfully.
нояб. 28, 2021 7:13:30 PM org.openqa.selenium.remote.ProtocolHandshake createSession
INFO: Detected dialect: W3C
]]></system-err>
  </testcase>
</testsuite>